<?xml version="1.0" encoding="UTF-8"?>
<testng-results ignored="0" total="1" passed="1" failed="0" skipped="0">
  <reporter-output>
  </reporter-output>
  <suite started-at="2025-10-22T00:28:33 IST" name="OrangeHRM Login Suite" finished-at="2025-10-22T00:28:59 IST" duration-ms="25999">
    <groups>
    </groups>
    <test started-at="2025-10-22T00:28:33 IST" name="LoginTest" finished-at="2025-10-22T00:28:59 IST" duration-ms="25999">
      <class name="com.orangehrm.LoginTest">
        <test-method is-config="true" signature="setup()[pri:0, instance:com.orangehrm.LoginTest@16610890]" started-at="2025-10-22T00:28:33 IST" name="setup" finished-at="2025-10-22T00:28:38 IST" duration-ms="5481" status="PASS">
          <reporter-output>
          </reporter-output>
        </test-method> <!-- setup -->
        <test-method signature="testLogin()[pri:0, instance:com.orangehrm.LoginTest@16610890]" started-at="2025-10-22T00:28:38 IST" name="testLogin" description="Verify valid login to OrangeHRM" finished-at="2025-10-22T00:28:58 IST" duration-ms="20333" status="PASS">
          <reporter-output>
          </reporter-output>
        </test-method> <!-- testLogin -->
        <test-method is-config="true" signature="teardown()[pri:0, instance:com.orangehrm.LoginTest@16610890]" started-at="2025-10-22T00:28:59 IST" name="teardown" finished-at="2025-10-22T00:28:59 IST" duration-ms="130" status="PASS">
          <reporter-output>
          </reporter-output>
        </test-method> <!-- teardown -->
      </class> <!-- com.orangehrm.LoginTest -->
    </test> <!-- LoginTest -->
  </suite> <!-- OrangeHRM Login Suite -->
</testng-results>
